TN:
SF:src\App.js
FN:8,App
FNF:1
FNH:0
FNDA:0,App
DA:9,0
LF:1
LH:0
BRF:0
BRH:0
end_of_record
TN:
SF:src\data.js
FNF:0
FNH:0
DA:24,1
DA:90,1
DA:104,1
LF:3
LH:3
BRF:0
BRH:0
end_of_record
TN:
SF:src\index.js
FNF:0
FNH:0
DA:8,0
DA:9,0
LF:2
LH:0
BRF:0
BRH:0
end_of_record
TN:
SF:src\components\Explore.js
FN:3,(anonymous_0)
FN:14,(anonymous_1)
FNF:2
FNH:1
FNDA:2,(anonymous_0)
FNDA:0,(anonymous_1)
DA:3,1
DA:4,2
DA:15,0
LF:3
LH:2
BRF:0
BRH:0
end_of_record
TN:
SF:src\components\Footer.js
FN:6,Footer
FNF:1
FNH:1
FNDA:1,Footer
DA:7,1
LF:1
LH:1
BRF:0
BRH:0
end_of_record
TN:
SF:src\components\Hero.js
FN:8,Hero
FNF:1
FNH:1
FNDA:2,Hero
DA:9,2
LF:1
LH:1
BRF:0
BRH:0
end_of_record
TN:
SF:src\components\House.js
FN:6,(anonymous_0)
FNF:1
FNH:0
FNDA:0,(anonymous_0)
DA:6,0
DA:7,0
LF:2
LH:0
BRF:0
BRH:0
end_of_record
TN:
SF:src\components\HouseContext.js
FN:10,(anonymous_0)
FN:19,(anonymous_1)
FN:21,(anonymous_2)
FN:32,(anonymous_3)
FN:34,(anonymous_4)
FNF:5
FNH:0
FNDA:0,(anonymous_0)
FNDA:0,(anonymous_1)
FNDA:0,(anonymous_2)
FNDA:0,(anonymous_3)
FNDA:0,(anonymous_4)
DA:7,0
DA:10,0
DA:11,0
DA:12,0
DA:13,0
DA:14,0
DA:15,0
DA:16,0
DA:19,0
DA:21,0
DA:22,0
DA:26,0
DA:29,0
DA:32,0
DA:34,0
DA:35,0
DA:39,0
DA:42,0
DA:45,0
LF:19
LH:0
BRF:0
BRH:0
end_of_record
TN:
SF:src\components\HouseList.js
FN:7,(anonymous_0)
FN:13,(anonymous_1)
FNF:2
FNH:0
FNDA:0,(anonymous_0)
FNDA:0,(anonymous_1)
DA:7,0
DA:8,0
DA:9,0
DA:14,0
LF:4
LH:0
BRF:0
BRH:0
end_of_record
TN:
SF:src\components\LoginPage.js
FN:5,(anonymous_0)
FN:10,(anonymous_1)
FN:18,(anonymous_2)
FN:19,(anonymous_3)
FN:51,(anonymous_4)
FN:68,(anonymous_5)
FNF:6
FNH:4
FNDA:16,(anonymous_0)
FNDA:1,(anonymous_1)
FNDA:0,(anonymous_2)
FNDA:0,(anonymous_3)
FNDA:7,(anonymous_4)
FNDA:6,(anonymous_5)
DA:5,1
DA:6,16
DA:7,16
DA:8,16
DA:10,16
DA:11,1
DA:18,0
DA:20,0
DA:22,0
DA:23,0
DA:27,0
DA:32,16
DA:51,7
DA:68,6
LF:14
LH:9
BRDA:20,0,0,0
BRDA:20,0,1,0
BRF:2
BRH:0
end_of_record
TN:
SF:src\components\Navbar.js
FN:6,(anonymous_0)
FNF:1
FNH:1
FNDA:1,(anonymous_0)
DA:7,1
LF:1
LH:1
BRF:0
BRH:0
end_of_record
TN:
SF:src\components\Register.js
FN:4,(anonymous_0)
FN:13,(anonymous_1)
FN:48,(anonymous_2)
FN:63,(anonymous_3)
FN:78,(anonymous_4)
FN:93,(anonymous_5)
FN:109,(anonymous_6)
FNF:7
FNH:1
FNDA:3,(anonymous_0)
FNDA:0,(anonymous_1)
FNDA:0,(anonymous_2)
FNDA:0,(anonymous_3)
FNDA:0,(anonymous_4)
FNDA:0,(anonymous_5)
FNDA:0,(anonymous_6)
DA:4,1
DA:5,3
DA:6,3
DA:7,3
DA:8,3
DA:9,3
DA:11,3
DA:13,3
DA:14,0
DA:21,0
DA:23,0
DA:24,0
DA:25,0
DA:27,0
DA:31,3
DA:48,0
DA:63,0
DA:78,0
DA:93,0
DA:109,0
LF:20
LH:9
BRDA:23,0,0,0
BRDA:23,0,1,0
BRF:2
BRH:0
end_of_record
TN:
SF:src\components\SearchBar.js
FN:6,SearchBar
FN:10,(anonymous_1)
FN:13,(anonymous_2)
FN:24,(anonymous_3)
FN:48,(anonymous_4)
FNF:5
FNH:1
FNDA:3,SearchBar
FNDA:0,(anonymous_1)
FNDA:0,(anonymous_2)
FNDA:0,(anonymous_3)
FNDA:0,(anonymous_4)
DA:7,3
DA:8,3
DA:10,3
DA:11,0
DA:12,0
DA:13,0
DA:14,0
DA:17,0
DA:18,0
DA:20,0
DA:24,3
DA:25,0
DA:26,0
DA:29,3
DA:49,0
LF:15
LH:5
BRDA:17,0,0,0
BRDA:17,0,1,0
BRDA:39,1,0,3
BRDA:39,1,1,0
BRDA:46,2,0,3
BRDA:46,2,1,0
BRF:6
BRH:2
end_of_record
TN:
SF:src\routes\About.js
FN:6,About
FNF:1
FNH:0
FNDA:0,About
DA:7,0
LF:1
LH:0
BRF:0
BRH:0
end_of_record
TN:
SF:src\routes\Contact.js
FN:3,Contact
FNF:1
FNH:0
FNDA:0,Contact
DA:4,0
LF:1
LH:0
BRF:0
BRH:0
end_of_record
TN:
SF:src\routes\Home.js
FN:9,Home
FNF:1
FNH:0
FNDA:0,Home
DA:10,0
LF:1
LH:0
BRF:0
BRH:0
end_of_record
TN:
SF:src\routes\Login.js
FN:4,Login
FNF:1
FNH:0
FNDA:0,Login
DA:5,0
LF:1
LH:0
BRF:0
BRH:0
end_of_record
TN:
SF:src\routes\SignUp.js
FN:4,SignUp
FNF:1
FNH:0
FNDA:0,SignUp
DA:5,0
LF:1
LH:0
BRF:0
BRH:0
end_of_record
